[infodor.expert/index.html]
[backblue.gif]
[fade.gif]
[index.html]
[static.tildacdn.com/tild3333-3134-4634-a664-643962373663/-/resize/504x/IDE120.png]
[infodor.expert/tilda-blocks-2.142096.css]
[static.tildacdn.com/css/tilda-grid-3.0.min.css]
[static.tildacdn.com/css/tilda-animation-1.0.min.css]
[static.tildacdn.com/css/tilda-menusub-1.0.min.css]
[static.tildacdn.com/css/tilda-cover-1.0.min.css]
[static.tildacdn.com/css/tilda-slds-1.4.min.css]
[static.tildacdn.com/css/tilda-zoom-2.0.min.css]
[static.tildacdn.com/css/juxtapose.css]
[static.tildacdn.com/js/jquery-1.10.2.min.js]
[infodor.expert/tilda-blocks-2.72096.js]
[static.tildacdn.com/js/tilda-scripts-3.0.min.js]
[static.tildacdn.com/js/lazyload-1.3.min.js]
[static.tildacdn.com/js/tilda-animation-1.0.min.js]
[static.tildacdn.com/js/tilda-cover-1.0.min.js]
[static.tildacdn.com/js/tilda-events-1.0.min.js]
[static.tildacdn.com/js/tilda-menusub-1.0.min.js]
[static.tildacdn.com/js/tilda-slds-1.4.min.js]
[static.tildacdn.com/js/hammer.min.js]
[static.tildacdn.com/js/tilda-zoom-2.0.min.js]
[static.tildacdn.com/js/juxtapose.min.js]
[infodor.expert/infodor.expert]
[static.tildacdn.com/tild3333-3134-4634-a664-643962373663/IDE120.png]
[static.tildacdn.com/tild3330-6330-4763-b961-366632323339/-/resize/20x/2021-05-25_3-05-47.png]
[static.tildacdn.com/tild6539-6634-4233-a664-356230346237/-/empty/uado.png]
[static.tildacdn.com/tild3837-3461-4535-b365-653130656133/2021-05-25_2-30-3913.png]
[static.tildacdn.com/tild3837-3461-4535-b365-653130656133/-/resizeb/20x/2021-05-25_2-30-3913.png]
[static.tildacdn.com/tild3730-3761-4262-a135-663934363165/2021-03-26_0-19-4613.png]
[static.tildacdn.com/tild3730-3761-4262-a135-663934363165/-/resizeb/20x/2021-03-26_0-19-4613.png]
[static.tildacdn.com/tild6232-3837-4265-b833-626665386633/2021-07-31_14-16-101.png]
[static.tildacdn.com/tild6232-3837-4265-b833-626665386633/-/resizeb/20x/2021-07-31_14-16-101.png]
[static.tildacdn.com/tild3137-6463-4565-b035-353366393366/2021-07-31_14-57-591.png]
[static.tildacdn.com/tild3137-6463-4565-b035-353366393366/-/resizeb/20x/2021-07-31_14-57-591.png]
[static.tildacdn.com/tild3439-6633-4864-a361-333566333065/conf.png]
[static.tildacdn.com/tild3439-6633-4864-a361-333566333065/-/resizeb/20x/conf.png]
[static.tildacdn.com/tild6633-3837-4336-a665-396432383335/cost_eng1800.png]
[static.tildacdn.com/tild6633-3837-4336-a665-396432383335/-/resizeb/20x/cost_eng1800.png]
[static.tildacdn.com/tild3463-6536-4065-b866-333532623064/2020-03-31_16-10-181.png]
[static.tildacdn.com/tild3463-6536-4065-b866-333532623064/-/resizeb/20x/2020-03-31_16-10-181.png]
[static.tildacdn.com/tild6662-6533-4562-b431-386361363834/2021-02-27_18-57-168.png]
[static.tildacdn.com/tild6662-6533-4562-b431-386361363834/-/resizeb/20x/2021-02-27_18-57-168.png]
[static.tildacdn.com/tild6565-3233-4231-b761-323739663564/testsystem.png]
[static.tildacdn.com/tild6565-3233-4231-b761-323739663564/-/resizeb/20x/testsystem.png]
[static.tildacdn.com/tild6566-6237-4330-b164-316239353939/-/resizeb/20x/bi_card.png]
[static.tildacdn.com/tild3534-6566-4832-b934-663137633261/-/resizeb/20x/proj_card2.png]
[static.tildacdn.com/tild6262-3731-4434-b839-353263373732/-/resizeb/20x/roadmeas_card.png]
[static.tildacdn.com/tild6163-3533-4462-a135-346134326139/-/resizeb/20x/waze.png]
[static.tildacdn.com/tild6163-3533-4462-a135-346134326139/waze.png]
[static.tildacdn.com/tild3939-3064-4661-b261-626231353562/-/resizeb/20x/2021-08-03_18-50-48.png]
[static.tildacdn.com/tild3939-3064-4661-b261-626231353562/2021-08-03_18-50-48.png]
[static.tildacdn.com/tild3732-6630-4263-b266-663461653161/-/resizeb/20x/NG_BG_H_P.png]
[static.tildacdn.com/tild3732-6630-4263-b266-663461653161/NG_BG_H_P.png]
[static.tildacdn.com/tild3136-3331-4635-a432-633664396138/-/resizeb/20x/2021-08-03_18-32-09.png]
[static.tildacdn.com/tild3136-3331-4635-a432-633664396138/2021-08-03_18-32-09.png]
[static.tildacdn.com/tild3839-3561-4264-a537-356132393763/-/resizeb/20x/aassets_manual.png]
[static.tildacdn.com/tild3839-3561-4264-a537-356132393763/aassets_manual.png]
[static.tildacdn.com/tild6138-3333-4435-b634-626534666537/-/resizeb/20x/tiltmap.png]
[infodor.expert/index.html]
[static.tildacdn.com/css/tilda-grid-3.0.min.css]
[infodor.expert/tilda-blocks-2.142096.css]
[static.tildacdn.com/css/tilda-animation-1.0.min.css]
[static.tildacdn.com/css/tilda-menusub-1.0.min.css]
[static.tildacdn.com/css/tilda-cover-1.0.min.css]
[static.tildacdn.com/css/tilda-slds-1.4.min.css]
[static.tildacdn.com/css/tilda-zoom-2.0.min.css]
[static.tildacdn.com/css/juxtapose.css]
[infodor.expert/infodor.html]
[static.tildacdn.com/js/tildastat-0.2.min.js]
